<?xml version="1.0" encoding="UTF-8"?>
<!-- Generated by org.testng.reporters.JUnitXMLReporter -->
<testsuite hostname="DESKTOP-LO69SAC" ignored="2" name="TC_Automation_LoginWalletHub" tests="1" failures="0" timestamp="21 Jun 2019 21:25:35 GMT" time="99.159" errors="0">
  <testcase name="LoginWalletHub" time="99.126" classname="WalletHubTest.CreateAccountTest"/>
  <testcase name="VerifyReviewPosted" time="0.0" classname="WalletHubTest.CreateAccountTest">
    <ignored/>
  </testcase> <!-- VerifyReviewPosted -->
  <testcase name="CreateUser" time="0.0" classname="WalletHubTest.CreateAccountTest">
    <ignored/>
  </testcase> <!-- CreateUser -->
</testsuite> <!-- TC_Automation_LoginWalletHub -->
