<?xml version="1.0" encoding="UTF-8"?>
<!-- Generated by org.testng.reporters.JUnitXMLReporter -->
<testsuite hostname="DESKTOP-LO69SAC" ignored="2" name="TC_Automation_VerifyReviewPosted" tests="1" failures="0" timestamp="21 Jun 2019 21:26:54 GMT" time="79.172" errors="0">
  <testcase name="VerifyReviewPosted" time="79.168" classname="WalletHubTest.CreateAccountTest"/>
  <testcase name="LoginWalletHub" time="0.0" classname="WalletHubTest.CreateAccountTest">
    <ignored/>
  </testcase> <!-- LoginWalletHub -->
  <testcase name="CreateUser" time="0.0" classname="WalletHubTest.CreateAccountTest">
    <ignored/>
  </testcase> <!-- CreateUser -->
</testsuite> <!-- TC_Automation_VerifyReviewPosted -->
