<?xml version="1.0" encoding="UTF-8"?>
<!-- Generated by org.testng.reporters.JUnitXMLReporter -->
<testsuite hostname="DESKTOP-LO69SAC" ignored="3" tests="0" failures="0" timestamp="27 Jul 2019 17:40:32 GMT" time="0.008" errors="0">
  <testcase name="LoginWalletHub" time="0.0" classname="WalletHubTest.CreateAccountTest">
    <ignored/>
  </testcase> <!-- LoginWalletHub -->
  <testcase name="VerifyReviewPosted" time="0.0" classname="WalletHubTest.CreateAccountTest">
    <ignored/>
  </testcase> <!-- VerifyReviewPosted -->
  <testcase name="CreateUser" time="0.0" classname="WalletHubTest.CreateAccountTest">
    <ignored/>
  </testcase> <!-- CreateUser -->
</testsuite>
