<?xml version="1.0" encoding="UTF-8"?>
<testng-results skipped="0" failed="0" ignored="0" total="2" passed="2">
  <reporter-output>
  </reporter-output>
  <suite name="Achieve300Automation" duration-ms="40639" started-at="2021-04-10T12:32:37Z" finished-at="2021-04-10T12:33:17Z">
    <groups>
    </groups>
    <test name="TC_Automation_PartnersPage" duration-ms="40639" started-at="2021-04-10T12:32:37Z" finished-at="2021-04-10T12:33:17Z">
      <class name="Tests.TestCode">
        <test-method status="PASS" signature="openPartnersPage()[pri:0, instance:Tests.TestCode@6a4f787b]" name="openPartnersPage" duration-ms="39189" started-at="2021-04-10T12:32:37Z" finished-at="2021-04-10T12:33:16Z">
          <reporter-output>
          </reporter-output>
        </test-method> <!-- openPartnersPage -->
        <test-method status="PASS" signature="printPartners()[pri:0, instance:Tests.TestCode@6a4f787b]" name="printPartners" duration-ms="598" started-at="2021-04-10T12:33:16Z" finished-at="2021-04-10T12:33:17Z">
          <reporter-output>
          </reporter-output>
        </test-method> <!-- printPartners -->
        <test-method status="PASS" signature="afterTest()[pri:0, instance:Tests.TestCode@6a4f787b]" name="afterTest" is-config="true" duration-ms="790" started-at="2021-04-10T12:33:17Z" finished-at="2021-04-10T12:33:17Z">
          <reporter-output>
          </reporter-output>
        </test-method> <!-- afterTest -->
      </class> <!-- Tests.TestCode -->
    </test> <!-- TC_Automation_PartnersPage -->
  </suite> <!-- Achieve300Automation -->
</testng-results>
